<?xml version="1.0" encoding="UTF-8"?>
<coverage generated="1562750586224" clover="3.2.0">
  <project timestamp="1562750586224" name="All files">
    <metrics statements="11" coveredstatements="11" conditionals="6" coveredconditionals="6" methods="5" coveredmethods="5" elements="22" coveredelements="22" complexity="0" loc="11" ncloc="11" packages="1" files="3" classes="3"/>
    <file name="genDiff.js" path="/Users/akaramnov/Documents/Projects/frontend-project-lvl2/src/genDiff.js">
      <metrics statements="10" coveredstatements="10" conditionals="6" coveredconditionals="6" methods="4" coveredmethods="4"/>
      <line num="5" count="1" type="stmt"/>
      <line num="6" count="1" type="stmt"/>
      <line num="8" count="1" type="stmt"/>
      <line num="9" count="12" type="stmt"/>
      <line num="10" count="4" type="cond" truecount="2" falsecount="0"/>
      <line num="14" count="4" type="cond" truecount="2" falsecount="0"/>
      <line num="16" count="2" type="cond" truecount="2" falsecount="0"/>
      <line num="23" count="2" type="stmt"/>
      <line num="25" count="2" type="stmt"/>
      <line num="30" count="9" type="stmt"/>
    </file>
    <file name="helpers.js" path="/Users/akaramnov/Documents/Projects/frontend-project-lvl2/src/helpers.js">
      <metrics statements="1" coveredstatements="1" conditionals="0" coveredconditionals="0" methods="1" coveredmethods="1"/>
      <line num="6" count="2" type="stmt"/>
    </file>
    <file name="index.js" path="/Users/akaramnov/Documents/Projects/frontend-project-lvl2/src/index.js">
      <metrics statements="0" coveredstatements="0" conditionals="0" coveredconditionals="0" methods="0" coveredmethods="0"/>
    </file>
  </project>
</coverage>
