{"/Users/akaramnov/Documents/Projects/frontend-project-lvl2/src/genDiff.js": {"path":"/Users/akaramnov/Documents/Projects/frontend-project-lvl2/src/genDiff.js","statementMap":{"0":{"start":{"line":5,"column":15},"end":{"line":5,"column":19}},"1":{"start":{"line":6,"column":15},"end":{"line":6,"column":19}},"2":{"start":{"line":8,"column":17},"end":{"line":29,"column":8}},"3":{"start":{"line":9,"column":21},"end":{"line":9,"column":77}},"4":{"start":{"line":9,"column":57},"end":{"line":9,"column":76}},"5":{"start":{"line":10,"column":28},"end":{"line":12,"column":10}},"6":{"start":{"line":14,"column":4},"end":{"line":24,"column":5}},"7":{"start":{"line":16,"column":8},"end":{"line":22,"column":11}},"8":{"start":{"line":23,"column":6},"end":{"line":23,"column":33}},"9":{"start":{"line":25,"column":4},"end":{"line":28,"column":6}},"10":{"start":{"line":30,"column":2},"end":{"line":30,"column":49}},"11":{"start":{"line":30,"column":34},"end":{"line":30,"column":35}}},"fnMap":{"0":{"name":"(anonymous_0)","decl":{"start":{"line":4,"column":15},"end":{"line":4,"column":16}},"loc":{"start":{"line":4,"column":31},"end":{"line":31,"column":1}},"line":4},"1":{"name":"(anonymous_1)","decl":{"start":{"line":8,"column":42},"end":{"line":8,"column":43}},"loc":{"start":{"line":8,"column":60},"end":{"line":29,"column":3}},"line":8},"2":{"name":"(anonymous_2)","decl":{"start":{"line":9,"column":46},"end":{"line":9,"column":47}},"loc":{"start":{"line":9,"column":57},"end":{"line":9,"column":76}},"line":9},"3":{"name":"(anonymous_3)","decl":{"start":{"line":30,"column":29},"end":{"line":30,"column":30}},"loc":{"start":{"line":30,"column":34},"end":{"line":30,"column":35}},"line":30}},"branchMap":{"0":{"loc":{"start":{"line":10,"column":28},"end":{"line":12,"column":10}},"type":"cond-expr","locations":[{"start":{"line":11,"column":8},"end":{"line":11,"column":42}},{"start":{"line":12,"column":8},"end":{"line":12,"column":10}}],"line":10},"1":{"loc":{"start":{"line":14,"column":4},"end":{"line":24,"column":5}},"type":"if","locations":[{"start":{"line":14,"column":4},"end":{"line":24,"column":5}},{"start":{"line":14,"column":4},"end":{"line":24,"column":5}}],"line":14},"2":{"loc":{"start":{"line":16,"column":8},"end":{"line":22,"column":11}},"type":"cond-expr","locations":[{"start":{"line":17,"column":12},"end":{"line":17,"column":72}},{"start":{"line":18,"column":12},"end":{"line":22,"column":11}}],"line":16}},"s":{"0":1,"1":1,"2":1,"3":4,"4":12,"5":4,"6":4,"7":2,"8":2,"9":2,"10":1,"11":9},"f":{"0":1,"1":4,"2":12,"3":9},"b":{"0":[1,3],"1":[2,2],"2":[1,1]},"_coverageSchema":"43e27e138ebf9cfc5966b082cf9a028302ed4184","hash":"f59df2f2edf924511a1608e10723e6162571e4e6"}
,"/Users/akaramnov/Documents/Projects/frontend-project-lvl2/src/helpers.js": {"path":"/Users/akaramnov/Documents/Projects/frontend-project-lvl2/src/helpers.js","statementMap":{"0":{"start":{"line":6,"column":33},"end":{"line":6,"column":69}},"1":{"start":{"line":6,"column":40},"end":{"line":6,"column":69}}},"fnMap":{"0":{"name":"(anonymous_0)","decl":{"start":{"line":6,"column":33},"end":{"line":6,"column":34}},"loc":{"start":{"line":6,"column":40},"end":{"line":6,"column":69}},"line":6}},"branchMap":{},"s":{"0":1,"1":2},"f":{"0":2},"b":{},"_coverageSchema":"43e27e138ebf9cfc5966b082cf9a028302ed4184","hash":"8a6ce4bb4e45fd8354a96a192a08ac7887a77027"}
,"/Users/akaramnov/Documents/Projects/frontend-project-lvl2/src/index.js": {"path":"/Users/akaramnov/Documents/Projects/frontend-project-lvl2/src/index.js","statementMap":{},"fnMap":{},"branchMap":{},"s":{},"f":{},"b":{},"_coverageSchema":"43e27e138ebf9cfc5966b082cf9a028302ed4184","hash":"ec7e217c608a6121edee2abc12a0c11cab6f63d6"}
}
