TN:
SF:/Users/akaramnov/Documents/Projects/frontend-project-lvl2/src/genDiff.js
FN:4,(anonymous_0)
FN:8,(anonymous_1)
FN:9,(anonymous_2)
FN:30,(anonymous_3)
FNF:4
FNH:4
FNDA:1,(anonymous_0)
FNDA:4,(anonymous_1)
FNDA:12,(anonymous_2)
FNDA:9,(anonymous_3)
DA:5,1
DA:6,1
DA:8,1
DA:9,12
DA:10,4
DA:14,4
DA:16,2
DA:23,2
DA:25,2
DA:30,9
LF:10
LH:10
BRDA:10,0,0,1
BRDA:10,0,1,3
BRDA:14,1,0,2
BRDA:14,1,1,2
BRDA:16,2,0,1
BRDA:16,2,1,1
BRF:6
BRH:6
end_of_record
TN:
SF:/Users/akaramnov/Documents/Projects/frontend-project-lvl2/src/helpers.js
FN:6,(anonymous_0)
FNF:1
FNH:1
FNDA:2,(anonymous_0)
DA:6,2
LF:1
LH:1
BRF:0
BRH:0
end_of_record
TN:
SF:/Users/akaramnov/Documents/Projects/frontend-project-lvl2/src/index.js
FNF:0
FNH:0
LF:0
LH:0
BRF:0
BRH:0
end_of_record
